\BOOKMARK [-1][-]{part.1}{I\040Introduzione\040alla\040programmazione}{}% 1
\BOOKMARK [0][-]{chapter.1}{Introduzione\040alla\040programmazione\040-\040in\040Python}{part.1}% 2
\BOOKMARK [0][-]{chapter.2}{Variabili,\040tipi\040e\040funzioni\040elementari\040built-in}{part.1}% 3
\BOOKMARK [1][-]{section.2.1}{Commenti}{chapter.2}% 4
\BOOKMARK [1][-]{section.2.2}{Tipi\040built-in}{chapter.2}% 5
\BOOKMARK [2][-]{subsection.2.2.1}{Numeri}{section.2.2}% 6
\BOOKMARK [2][-]{subsection.2.2.2}{Booleani\040-\040logici}{section.2.2}% 7
\BOOKMARK [2][-]{subsection.2.2.3}{Stringhe}{section.2.2}% 8
\BOOKMARK [2][-]{subsection.2.2.4}{Liste,\040tuple\040e\040insiemi}{section.2.2}% 9
\BOOKMARK [2][-]{subsection.2.2.5}{Dizionari}{section.2.2}% 10
\BOOKMARK [0][-]{chapter.3}{Controllo\040del\040flusso}{part.1}% 11
\BOOKMARK [1][-]{section.3.1}{Alternativa}{chapter.3}% 12
\BOOKMARK [2][-]{subsection.3.1.1}{if-then\040statement}{section.3.1}% 13
\BOOKMARK [2][-]{subsection.3.1.2}{if-then-else\040statement}{section.3.1}% 14
\BOOKMARK [1][-]{section.3.2}{Iterazione}{chapter.3}% 15
\BOOKMARK [2][-]{subsection.3.2.1}{for\040loop}{section.3.2}% 16
\BOOKMARK [2][-]{subsection.3.2.2}{while\040loop}{section.3.2}% 17
\BOOKMARK [2][-]{subsection.3.2.3}{altri\040cicli}{section.3.2}% 18
\BOOKMARK [0][-]{chapter.4}{Funzioni}{part.1}% 19
\BOOKMARK [1][-]{section.4.1}{Default\040value\040of\040function\040arguments}{chapter.4}% 20
\BOOKMARK [0][-]{chapter.5}{Classi}{part.1}% 21
\BOOKMARK [0][-]{chapter.6}{Librerie}{part.1}% 22
\BOOKMARK [-1][-]{part.2}{II\040Introduzione\040al\040calcolo\040scientifico}{}% 23
\BOOKMARK [0][-]{chapter.7}{Introduzione\040al\040calcolo\040scientifico}{part.2}% 24
\BOOKMARK [0][-]{chapter.8}{Sistemi\040lineari}{part.2}% 25
\BOOKMARK [1][-]{section.8.1}{Sistemi\040lineari\040quadrati\040con\040matrici\040piene}{chapter.8}% 26
\BOOKMARK [2][-]{subsection.8.1.1}{Esempio\0401.\040Sistema\040quadrato\040determinato}{section.8.1}% 27
\BOOKMARK [2][-]{subsection.8.1.2}{Esempio\0402.\040Sistemi\040quadrati\040non\040determinati}{section.8.1}% 28
\BOOKMARK [1][-]{section.8.2}{Matrici\040sparse}{chapter.8}% 29
\BOOKMARK [2][-]{subsection.8.2.1}{Esempio\0401\040-\040Matrice\040di\040rigidezza\040di\040elementi\040finiti}{section.8.2}% 30
\BOOKMARK [0][-]{chapter.9}{Equazioni\040algebriche\040non\040lineari}{part.2}% 31
\BOOKMARK [1][-]{section.9.1}{Equazioni\040non\040lineari}{chapter.9}% 32
\BOOKMARK [2][-]{subsection.9.1.1}{Metodo\040di\040bisezione}{section.9.1}% 33
\BOOKMARK [2][-]{subsection.9.1.2}{Metodo\040di\040Newton}{section.9.1}% 34
\BOOKMARK [1][-]{section.9.2}{Sistemi\040di\040equazioni\040non\040lineari}{chapter.9}% 35
\BOOKMARK [2][-]{subsection.9.2.1}{Metodo\040di\040Newton}{section.9.2}% 36
\BOOKMARK [0][-]{chapter.10}{Approssimazione\040di\040funzioni}{part.2}% 37
\BOOKMARK [1][-]{section.10.1}{Interpolazione}{chapter.10}% 38
\BOOKMARK [1][-]{section.10.2}{Regressione}{chapter.10}% 39
\BOOKMARK [0][-]{chapter.11}{Derivate\040di\040funzioni}{part.2}% 40
\BOOKMARK [1][-]{section.11.1}{Differenze\040finite}{chapter.11}% 41
\BOOKMARK [2][-]{subsection.11.1.1}{Derivata\040prima}{section.11.1}% 42
\BOOKMARK [2][-]{subsection.11.1.2}{Derivata\040seconda}{section.11.1}% 43
\BOOKMARK [0][-]{chapter.12}{Integrali}{part.2}% 44
\BOOKMARK [1][-]{section.12.1}{Integrazione\040di\040Newton-Cotes}{chapter.12}% 45
\BOOKMARK [2][-]{subsection.12.1.1}{Metodo\040di\040integrazione\040del\040punto\040medio}{section.12.1}% 46
\BOOKMARK [2][-]{subsection.12.1.2}{Metodo\040di\040integrazione\040del\040trapezio}{section.12.1}% 47
\BOOKMARK [2][-]{subsection.12.1.3}{Esempi}{section.12.1}% 48
\BOOKMARK [3][-]{subsubsection*.3}{Esempio\0401.}{subsection.12.1.3}% 49
\BOOKMARK [3][-]{subsubsection*.4}{Esempio 2. Necessità della continuità della funzione.}{subsection.12.1.3}% 50
\BOOKMARK [1][-]{section.12.2}{Integrazione\040di\040Gauss}{chapter.12}% 51
\BOOKMARK [2][-]{subsection.12.2.1}{Esempio\0401\040-\040integrazione\040di\040Gauss.}{section.12.2}% 52
\BOOKMARK [0][-]{chapter.13}{Equazioni\040differenziali\040ordinarie}{part.2}% 53
\BOOKMARK [1][-]{section.13.1}{Problemi\040di\040Cauchy\040ai\040valori\040iniziali}{chapter.13}% 54
\BOOKMARK [2][-]{subsection.13.1.1}{Approccio\040a\040un\040problema\040di\040Cauchy\040di\040ordine\040n}{section.13.1}% 55
\BOOKMARK [2][-]{subsection.13.1.2}{Caratteristiche\040\(cenni\)}{section.13.1}% 56
\BOOKMARK [2][-]{subsection.13.1.3}{Schemi\040numerici}{section.13.1}% 57
\BOOKMARK [3][-]{subsubsection*.5}{Schemi\040numerici\040a\040un\040passo}{subsection.13.1.3}% 58
\BOOKMARK [3][-]{subsubsection*.6}{Schemi\040numerici\040multi-step}{subsection.13.1.3}% 59
\BOOKMARK [1][-]{section.13.2}{Problemi\040al\040contorno}{chapter.13}% 60
\BOOKMARK [2][-]{subsection.13.2.1}{Differenze\040finite}{section.13.2}% 61
\BOOKMARK [2][-]{subsection.13.2.2}{Elementi\040finiti}{section.13.2}% 62
\BOOKMARK [2][-]{subsection.13.2.3}{Volumi\040finiti}{section.13.2}% 63
\BOOKMARK [0][-]{chapter.14}{Ottimizzazione}{part.2}% 64
\BOOKMARK [-1][-]{part.3}{III\040Statistica}{}% 65
\BOOKMARK [0][-]{chapter.15}{Metodi\040per\040la\040statistica}{part.3}% 66
\BOOKMARK [0][-]{chapter.16}{Statistica\040descrittiva}{part.3}% 67
\BOOKMARK [1][-]{section.16.1}{Dimensione\040dei\040dati}{chapter.16}% 68
\BOOKMARK [1][-]{section.16.2}{Rappresentazione\040grafica}{chapter.16}% 69
\BOOKMARK [1][-]{section.16.3}{Variabili\0401-dimensionali}{chapter.16}% 70
\BOOKMARK [1][-]{section.16.4}{Variabili\0402-dimensionali}{chapter.16}% 71
\BOOKMARK [1][-]{section.16.5}{Variabili\040di\040grandi\040dimensioni}{chapter.16}% 72
\BOOKMARK [0][-]{chapter.17}{Introduzione alla probabilità}{part.3}% 73
\BOOKMARK [1][-]{section.17.1}{Variabili\040casuali}{chapter.17}% 74
\BOOKMARK [2][-]{subsection.17.1.1}{Variabili\040casuali\040discrete}{section.17.1}% 75
\BOOKMARK [3][-]{subsubsection*.7}{Variabili\040casuali\040multi-dimensionali}{subsection.17.1.1}% 76
\BOOKMARK [4][-]{paragraph*.8}{Probabilità congiunta e teorema di Bayes}{subsubsection*.7}% 77
\BOOKMARK [4][-]{paragraph*.9}{Variabili\040indipendenti}{subsubsection*.7}% 78
\BOOKMARK [4][-]{paragraph*.10}{Covarianza}{subsubsection*.7}% 79
\BOOKMARK [4][-]{paragraph*.11}{Correlazione}{subsubsection*.7}% 80
\BOOKMARK [2][-]{subsection.17.1.2}{Variabili\040casuali\040continue}{section.17.1}% 81
\BOOKMARK [2][-]{subsection.17.1.3}{Trasformazione di probabilità di densità}{section.17.1}% 82
\BOOKMARK [3][-]{subsubsection*.12}{Variabile\040singola}{subsection.17.1.3}% 83
\BOOKMARK [4][-]{paragraph*.13}{Cambio\040di\040variabile}{subsubsection*.12}% 84
\BOOKMARK [5][-]{subparagraph*.14}{Traslazione}{paragraph*.13}% 85
\BOOKMARK [5][-]{subparagraph*.15}{Scalatura}{paragraph*.13}% 86
\BOOKMARK [3][-]{subsubsection*.16}{Multi-variabile}{subsection.17.1.3}% 87
\BOOKMARK [4][-]{paragraph*.17}{Combinazione\040di\040variabili}{subsubsection*.16}% 88
\BOOKMARK [5][-]{subparagraph*.18}{Somma}{paragraph*.17}% 89
\BOOKMARK [5][-]{subparagraph*.19}{Prodotto}{paragraph*.17}% 90
\BOOKMARK [2][-]{subsection.17.1.4}{Esempi di funzioni densità di probabilità}{section.17.1}% 91
\BOOKMARK [3][-]{subsubsection*.20}{Variabili\040casuali\040discrete}{subsection.17.1.4}% 92
\BOOKMARK [3][-]{subsubsection*.21}{Variabili\040casuali\040continue}{subsection.17.1.4}% 93
\BOOKMARK [4][-]{paragraph*.22}{Distribuzione\040gaussiana\040o\040normale,\040N}{subsubsection*.21}% 94
\BOOKMARK [4][-]{paragraph*.23}{Distribuzione chi-quadrato, χ2}{subsubsection*.21}% 95
\BOOKMARK [4][-]{paragraph*.24}{Distribuzione\040t-Student}{subsubsection*.21}% 96
\BOOKMARK [5][-]{subparagraph*.25}{Distrubuzione\040gaussiana\040come\040limite\040della\040distribuzione\040t-Student}{paragraph*.24}% 97
\BOOKMARK [2][-]{subsection.17.1.5}{Variabili\040casuali\040indipendenti\040e\040identicamente\040distribuite,\040iid.}{section.17.1}% 98
\BOOKMARK [3][-]{subsubsection*.26}{Teoremi\040sulle\040variabili\040casuali\040i.i.d.}{subsection.17.1.5}% 99
\BOOKMARK [4][-]{paragraph*.27}{Convergenza\040in\040statistica,\040todo}{subsubsection*.26}% 100
\BOOKMARK [3][-]{subsubsection*.28}{Esempio:\040teoremi\040dei\040grandi\040numeri\040e\040del\040limite\040centrale}{subsection.17.1.5}% 101
\BOOKMARK [4][-]{paragraph*.29}{Librerie\040e\040funzioni}{subsubsection*.28}% 102
\BOOKMARK [4][-]{paragraph*.30}{Dimensione\040campione}{subsubsection*.28}% 103
\BOOKMARK [4][-]{paragraph*.31}{Definizione\040delle\040variabili\040casuali}{subsubsection*.28}% 104
\BOOKMARK [3][-]{subsubsection*.32}{Stima della distribuzione di probabilità della media campionaria}{subsection.17.1.5}% 105
\BOOKMARK [4][-]{paragraph*.33}{Grafici}{subsubsection*.32}% 106
\BOOKMARK [5][-]{subparagraph*.34}{Deviazione\040standard\040della\040media\040campionaria}{paragraph*.33}% 107
\BOOKMARK [5][-]{subparagraph*.35}{Distribuzione di probabilità}{paragraph*.33}% 108
\BOOKMARK [2][-]{subsection.17.1.6}{Campionamento}{section.17.1}% 109
\BOOKMARK [2][-]{subsection.17.1.7}{Media\040campionaria}{section.17.1}% 110
\BOOKMARK [2][-]{subsection.17.1.8}{Dimensione\040del\040campione,\040teorema\040del\040limite\040centrale\040e\040distribuzione\040t-Student}{section.17.1}% 111
\BOOKMARK [1][-]{section.17.2}{Processi\040casuali}{chapter.17}% 112
\BOOKMARK [0][-]{chapter.18}{Statistica\040inferenziale}{part.3}% 113
\BOOKMARK [1][-]{section.18.1}{Stima}{chapter.18}% 114
\BOOKMARK [1][-]{section.18.2}{Test\040di\040verifica\040delle\040ipotesi}{chapter.18}% 115
\BOOKMARK [2][-]{subsection.18.2.1}{Test di verifica d’ipotesi - Fisher}{section.18.2}% 116
\BOOKMARK [3][-]{subsubsection*.36}{Esempio:\040moneta\040truccata\040o\040no?}{subsection.18.2.1}% 117
\BOOKMARK [4][-]{paragraph*.37}{Import\040librerie}{subsubsection*.36}% 118
\BOOKMARK [4][-]{paragraph*.38}{Campione\040generato\040dal\040processo\040casuale}{subsubsection*.36}% 119
\BOOKMARK [2][-]{subsection.18.2.2}{Moneta\040truccata}{section.18.2}% 120
\BOOKMARK [3][-]{subsubsection*.39}{Import\040librerie\040e\040funzioni\040utili}{subsection.18.2.2}% 121
\BOOKMARK [4][-]{paragraph*.40}{Import\040librerie}{subsubsection*.39}% 122
\BOOKMARK [3][-]{subsubsection*.41}{Funzione\040per\040lo\040svolgimento\040di\040un\040esperimento}{subsection.18.2.2}% 123
\BOOKMARK [4][-]{paragraph*.42}{Funzione\040che\040restituisce\040la\040pdf\040p\(x|H0\)}{subsubsection*.41}% 124
\BOOKMARK [4][-]{paragraph*.43}{Funzioni per la ricerca degli intervalli di accettazione dell’ipotesi}{subsubsection*.41}% 125
\BOOKMARK [3][-]{subsubsection*.44}{Esperimento}{subsection.18.2.2}% 126
\BOOKMARK [4][-]{paragraph*.45}{Livelli\040di\040accettazione}{subsubsection*.44}% 127
\BOOKMARK [4][-]{paragraph*.46}{Svolgimento\040esperimento}{subsubsection*.44}% 128
\BOOKMARK [4][-]{paragraph*.47}{Grafici}{subsubsection*.44}% 129
\BOOKMARK [2][-]{subsection.18.2.3}{Gambler\040rabbit}{section.18.2}% 130
\BOOKMARK [2][-]{subsection.18.2.4}{t-test}{section.18.2}% 131
\BOOKMARK [3][-]{subsubsection*.48}{t-test\040per\040un\040campione}{subsection.18.2.4}% 132
\BOOKMARK [3][-]{subsubsection*.49}{t-test\040per\040due\040campioni}{subsection.18.2.4}% 133
\BOOKMARK [4][-]{paragraph*.50}{t-test\040per\040due\040variabili\040indipendenti,\040con\040varianza\040simile\040e\040stesso\040numero\040di\040osservazioni}{subsubsection*.49}% 134
\BOOKMARK [2][-]{subsection.18.2.5}{ANOVA\040-\040Analysis\040of\040variance}{section.18.2}% 135
\BOOKMARK [-1][-]{part.4}{IV\040Introduzione\040ai\040metodi\040in\040statistica\040e\040AI}{}% 136
\BOOKMARK [0][-]{chapter.19}{Introduzione\040ai\040metodi\040in\040AI}{part.4}% 137
\BOOKMARK [0][-]{chapter.20}{Supervised\040Learning}{part.4}% 138
\BOOKMARK [0][-]{chapter.21}{Unsupervised\040Learning}{part.4}% 139
\BOOKMARK [1][-]{section.21.1}{PCA}{chapter.21}% 140
\BOOKMARK [2][-]{subsection.21.1.1}{Esempio:\040compressione\040di\040immagini}{section.21.1}% 141
\BOOKMARK [3][-]{subsubsection*.51}{Preprocessing\040e\040SVD}{subsection.21.1.1}% 142
\BOOKMARK [3][-]{subsubsection*.52}{Risultati\040della\040SVD}{subsection.21.1.1}% 143
\BOOKMARK [3][-]{subsubsection*.53}{Ricostruzione dell’immagine compressa}{subsection.21.1.1}% 144
\BOOKMARK [1][-]{section.21.2}{ICA\040e\040PCA}{chapter.21}% 145
\BOOKMARK [2][-]{subsection.21.2.1}{Riferimenti}{section.21.2}% 146
\BOOKMARK [2][-]{subsection.21.2.2}{FastICA\040on\0402D\040point\040clouds}{section.21.2}% 147
\BOOKMARK [3][-]{subsubsection*.54}{Librerie\040e\040funzioni\040di\040comodo}{subsection.21.2.2}% 148
\BOOKMARK [4][-]{paragraph*.55}{Import\040librerie}{subsubsection*.54}% 149
\BOOKMARK [4][-]{paragraph*.56}{Funzioni\040utili}{subsubsection*.54}% 150
\BOOKMARK [3][-]{subsubsection*.57}{Generazione\040campione}{subsection.21.2.2}% 151
\BOOKMARK [3][-]{subsubsection*.58}{ICA\040e\040PCA}{subsection.21.2.2}% 152
\BOOKMARK [3][-]{subsubsection*.59}{Risultati}{subsection.21.2.2}% 153
\BOOKMARK [2][-]{subsection.21.2.3}{ICA\040e\040PCA:\040segnali\040in\040tempo}{section.21.2}% 154
\BOOKMARK [2][-]{subsection.21.2.4}{ICA\040e\040PCA\040-\040dettagli}{section.21.2}% 155
\BOOKMARK [3][-]{subsubsection*.61}{Librerie\040e\040funzioni\040utili}{subsection.21.2.4}% 156
\BOOKMARK [3][-]{subsubsection*.62}{Generazione\040segnale}{subsection.21.2.4}% 157
\BOOKMARK [3][-]{subsubsection*.63}{Algoritmo}{subsection.21.2.4}% 158
\BOOKMARK [4][-]{paragraph*.64}{Pre-processing}{subsubsection*.63}% 159
\BOOKMARK [4][-]{paragraph*.65}{FastICA}{subsubsection*.63}% 160
\BOOKMARK [3][-]{subsubsection*.66}{Applicazione\040del\040metodo\040al\040segnale}{subsection.21.2.4}% 161
\BOOKMARK [0][-]{chapter.22}{Reinforcement\040Learning}{part.4}% 162
\BOOKMARK [-1][-]{part.5}{V\040Supporto\040tecnico}{}% 163
\BOOKMARK [0][-]{chapter.23}{Supporto\040tecnico}{part.5}% 164
