Traceback (most recent call last):
  File "/home/davide/.local/lib/python3.8/site-packages/jupyter_cache/executors/utils.py", line 58, in single_nb_execution
    executenb(
  File "/home/davide/.local/lib/python3.8/site-packages/nbclient/client.py", line 1305, in execute
    return NotebookClient(nb=nb, resources=resources, km=km, **kwargs).execute()
  File "/home/davide/.local/lib/python3.8/site-packages/jupyter_core/utils/__init__.py", line 165, in wrapped
    return loop.run_until_complete(inner)
  File "/usr/lib/python3.8/asyncio/base_events.py", line 616, in run_until_complete
    return future.result()
  File "/home/davide/.local/lib/python3.8/site-packages/nbclient/client.py", line 705, in async_execute
    await self.async_execute_cell(
  File "/home/davide/.local/lib/python3.8/site-packages/nbclient/client.py", line 1058, in async_execute_cell
    await self._check_raise_for_error(cell, cell_index, exec_reply)
  File "/home/davide/.local/lib/python3.8/site-packages/nbclient/client.py", line 914, in _check_raise_for_error
    raise CellExecutionError.from_cell_and_msg(cell, exec_reply_content)
nbclient.exceptions.CellExecutionError: An error occurred while executing the following cell:
------------------
"""  """

gauss_nw = { 1: {'nodes'  : [ 0. ],
                 'weights': [ 2. ]}, 
             2: {'nodes'  : [ -1./np.sqrt(3.), 1./np.sqrt(3.) ], 
                 'weights': [ 1., 1.]},
             3: {'nodes'  : [ 0., -np.sqrt(3./5.), np.sqrt(3./5.) ], 
                 'weights': [ 8./9., 5./9., 5./9. ]},
}

def gauss_int_1(f, n, a=-1, b=1, gauss_nw=gauss_nw):
    """ 
    Integral over the reference element, [-1,1]
    n: number of Gauss nodes
    """
    # Cap n.nodes to the max n.nodes stored in gauss_nw dict
    n = np.min([n, np.max(list(gauss_nw.keys()))])

    # Gauss nodes (from reference to actual domain) and weights
    xg = .5 * ( a + b + ( b - a ) * np.array(gauss_nw[n]['nodes']) )
    wg = np.array(gauss_nw[n]['weights'])
    
    return .5 * (b-a) * np.sum( wg * f(xg) ) 


def gauss_int_n(f, n_gauss, a, b, n_elems):
    """  """
    # Partition of the interval [a,b]
    xv = a + ( b - a ) * np.arange(n_elems+1) / n_elems;  xv[-1] = b

    return np.sum([ gauss_int_ref(f, n_gauss, xv[i], xv[i+1]) for i in np.arange(n_elems) ])

n_gauss = 3
n_elems = 10

val_1 = gauss_int_1(f, n_gauss, 0., 1.)
val_n = gauss_int_n(f, n_gauss, 0., 1., n_elems)

print(val_1)
print(val_n)
------------------


[0;31m---------------------------------------------------------------------------[0m
[0;31mNameError[0m                                 Traceback (most recent call last)
Cell [0;32mIn[5], line 37[0m
[1;32m     34[0m n_elems [38;5;241m=[39m [38;5;241m10[39m
[1;32m     36[0m val_1 [38;5;241m=[39m gauss_int_1(f, n_gauss, [38;5;241m0.[39m, [38;5;241m1.[39m)
[0;32m---> 37[0m val_n [38;5;241m=[39m [43mgauss_int_n[49m[43m([49m[43mf[49m[43m,[49m[43m [49m[43mn_gauss[49m[43m,[49m[43m [49m[38;5;241;43m0.[39;49m[43m,[49m[43m [49m[38;5;241;43m1.[39;49m[43m,[49m[43m [49m[43mn_elems[49m[43m)[49m
[1;32m     39[0m [38;5;28mprint[39m(val_1)
[1;32m     40[0m [38;5;28mprint[39m(val_n)

Cell [0;32mIn[5], line 31[0m, in [0;36mgauss_int_n[0;34m(f, n_gauss, a, b, n_elems)[0m
[1;32m     28[0m [38;5;66;03m# Partition of the interval [a,b][39;00m
[1;32m     29[0m xv [38;5;241m=[39m a [38;5;241m+[39m ( b [38;5;241m-[39m a ) [38;5;241m*[39m np[38;5;241m.[39marange(n_elems[38;5;241m+[39m[38;5;241m1[39m) [38;5;241m/[39m n_elems;  xv[[38;5;241m-[39m[38;5;241m1[39m] [38;5;241m=[39m b
[0;32m---> 31[0m [38;5;28;01mreturn[39;00m np[38;5;241m.[39msum([ gauss_int_ref(f, n_gauss, xv[i], xv[i[38;5;241m+[39m[38;5;241m1[39m]) [38;5;28;01mfor[39;00m i [38;5;129;01min[39;00m np[38;5;241m.[39marange(n_elems) ])

Cell [0;32mIn[5], line 31[0m, in [0;36m<listcomp>[0;34m(.0)[0m
[1;32m     28[0m [38;5;66;03m# Partition of the interval [a,b][39;00m
[1;32m     29[0m xv [38;5;241m=[39m a [38;5;241m+[39m ( b [38;5;241m-[39m a ) [38;5;241m*[39m np[38;5;241m.[39marange(n_elems[38;5;241m+[39m[38;5;241m1[39m) [38;5;241m/[39m n_elems;  xv[[38;5;241m-[39m[38;5;241m1[39m] [38;5;241m=[39m b
[0;32m---> 31[0m [38;5;28;01mreturn[39;00m np[38;5;241m.[39msum([ [43mgauss_int_ref[49m(f, n_gauss, xv[i], xv[i[38;5;241m+[39m[38;5;241m1[39m]) [38;5;28;01mfor[39;00m i [38;5;129;01min[39;00m np[38;5;241m.[39marange(n_elems) ])

[0;31mNameError[0m: name 'gauss_int_ref' is not defined

