Traceback (most recent call last):
  File "/home/davide/.local/lib/python3.8/site-packages/jupyter_cache/executors/utils.py", line 58, in single_nb_execution
    executenb(
  File "/home/davide/.local/lib/python3.8/site-packages/nbclient/client.py", line 1305, in execute
    return NotebookClient(nb=nb, resources=resources, km=km, **kwargs).execute()
  File "/home/davide/.local/lib/python3.8/site-packages/jupyter_core/utils/__init__.py", line 165, in wrapped
    return loop.run_until_complete(inner)
  File "/usr/lib/python3.8/asyncio/base_events.py", line 616, in run_until_complete
    return future.result()
  File "/home/davide/.local/lib/python3.8/site-packages/nbclient/client.py", line 705, in async_execute
    await self.async_execute_cell(
  File "/home/davide/.local/lib/python3.8/site-packages/nbclient/client.py", line 1058, in async_execute_cell
    await self._check_raise_for_error(cell, cell_index, exec_reply)
  File "/home/davide/.local/lib/python3.8/site-packages/nbclient/client.py", line 914, in _check_raise_for_error
    raise CellExecutionError.from_cell_and_msg(cell, exec_reply_content)
nbclient.exceptions.CellExecutionError: An error occurred while executing the following cell:
------------------

import plotly.io as pio
pio.renderers.default = "iframe_connected"

import plotly.graph_objects as go
import numpy as np

# Line chart
x = np.linspace(0, 10, 100)
y = np.sin(x)

fig = go.Figure()
fig.add_trace(go.Scatter(x=x, y=y, mode='lines', name='Sine Wave'))
fig.update_layout(title="Interactive Line Chart", xaxis_title="X-axis", yaxis_title="Y-axis")
# fig.show()

# Scatter plot with Plotly Express
import plotly.express as px

df = px.data.iris()  # Iris dataset
fig2 = px.scatter(df, x="sepal_width", y="sepal_length", color="species", title="Scatter Plot of Iris Dataset")
fig2.show()
------------------


[0;31m---------------------------------------------------------------------------[0m
[0;31mIndexError[0m                                Traceback (most recent call last)
Cell [0;32mIn[1], line 21[0m
[1;32m     19[0m df [38;5;241m=[39m px[38;5;241m.[39mdata[38;5;241m.[39miris()  [38;5;66;03m# Iris dataset[39;00m
[1;32m     20[0m fig2 [38;5;241m=[39m px[38;5;241m.[39mscatter(df, x[38;5;241m=[39m[38;5;124m"[39m[38;5;124msepal_width[39m[38;5;124m"[39m, y[38;5;241m=[39m[38;5;124m"[39m[38;5;124msepal_length[39m[38;5;124m"[39m, color[38;5;241m=[39m[38;5;124m"[39m[38;5;124mspecies[39m[38;5;124m"[39m, title[38;5;241m=[39m[38;5;124m"[39m[38;5;124mScatter Plot of Iris Dataset[39m[38;5;124m"[39m)
[0;32m---> 21[0m [43mfig2[49m[38;5;241;43m.[39;49m[43mshow[49m[43m([49m[43m)[49m

File [0;32m~/.local/lib/python3.8/site-packages/plotly/basedatatypes.py:3398[0m, in [0;36mBaseFigure.show[0;34m(self, *args, **kwargs)[0m
[1;32m   3365[0m [38;5;250m[39m[38;5;124;03m"""[39;00m
[1;32m   3366[0m [38;5;124;03mShow a figure using either the default renderer(s) or the renderer(s)[39;00m
[1;32m   3367[0m [38;5;124;03mspecified by the renderer argument[39;00m
[0;32m   (...)[0m
[1;32m   3394[0m [38;5;124;03mNone[39;00m
[1;32m   3395[0m [38;5;124;03m"""[39;00m
[1;32m   3396[0m [38;5;28;01mimport[39;00m [38;5;21;01mplotly[39;00m[38;5;21;01m.[39;00m[38;5;21;01mio[39;00m [38;5;28;01mas[39;00m [38;5;21;01mpio[39;00m
[0;32m-> 3398[0m [38;5;28;01mreturn[39;00m [43mpio[49m[38;5;241;43m.[39;49m[43mshow[49m[43m([49m[38;5;28;43mself[39;49m[43m,[49m[43m [49m[38;5;241;43m*[39;49m[43margs[49m[43m,[49m[43m [49m[38;5;241;43m*[39;49m[38;5;241;43m*[39;49m[43mkwargs[49m[43m)[49m

File [0;32m~/.local/lib/python3.8/site-packages/plotly/io/_renderers.py:389[0m, in [0;36mshow[0;34m(fig, renderer, validate, **kwargs)[0m
[1;32m    386[0m fig_dict [38;5;241m=[39m validate_coerce_fig_to_dict(fig, validate)
[1;32m    388[0m [38;5;66;03m# Mimetype renderers[39;00m
[0;32m--> 389[0m bundle [38;5;241m=[39m [43mrenderers[49m[38;5;241;43m.[39;49m[43m_build_mime_bundle[49m[43m([49m[43mfig_dict[49m[43m,[49m[43m [49m[43mrenderers_string[49m[38;5;241;43m=[39;49m[43mrenderer[49m[43m,[49m[43m [49m[38;5;241;43m*[39;49m[38;5;241;43m*[39;49m[43mkwargs[49m[43m)[49m
[1;32m    390[0m [38;5;28;01mif[39;00m bundle:
[1;32m    391[0m     [38;5;28;01mif[39;00m [38;5;129;01mnot[39;00m ipython_display:

File [0;32m~/.local/lib/python3.8/site-packages/plotly/io/_renderers.py:297[0m, in [0;36mRenderersConfig._build_mime_bundle[0;34m(self, fig_dict, renderers_string, **kwargs)[0m
[1;32m    294[0m             [38;5;28;01mif[39;00m [38;5;28mhasattr[39m(renderer, k):
[1;32m    295[0m                 [38;5;28msetattr[39m(renderer, k, v)
[0;32m--> 297[0m         bundle[38;5;241m.[39mupdate([43mrenderer[49m[38;5;241;43m.[39;49m[43mto_mimebundle[49m[43m([49m[43mfig_dict[49m[43m)[49m)
[1;32m    299[0m [38;5;28;01mreturn[39;00m bundle

File [0;32m~/.local/lib/python3.8/site-packages/plotly/io/_base_renderers.py:571[0m, in [0;36mIFrameRenderer.to_mimebundle[0;34m(self, fig_dict)[0m
[1;32m    568[0m     iframe_height [38;5;241m=[39m [38;5;28mstr[39m([38;5;241m525[39m [38;5;241m+[39m iframe_buffer) [38;5;241m+[39m [38;5;124m"[39m[38;5;124mpx[39m[38;5;124m"[39m
[1;32m    570[0m [38;5;66;03m# Build filename using ipython cell number[39;00m
[0;32m--> 571[0m filename [38;5;241m=[39m [38;5;28;43mself[39;49m[38;5;241;43m.[39;49m[43mbuild_filename[49m[43m([49m[43m)[49m
[1;32m    573[0m [38;5;66;03m# Make directory for[39;00m
[1;32m    574[0m [38;5;28;01mtry[39;00m:

File [0;32m~/.local/lib/python3.8/site-packages/plotly/io/_base_renderers.py:613[0m, in [0;36mIFrameRenderer.build_filename[0;34m(self)[0m
[1;32m    611[0m [38;5;28;01mdef[39;00m [38;5;21mbuild_filename[39m([38;5;28mself[39m):
[1;32m    612[0m     ip [38;5;241m=[39m IPython[38;5;241m.[39mget_ipython() [38;5;28;01mif[39;00m IPython [38;5;28;01melse[39;00m [38;5;28;01mNone[39;00m
[0;32m--> 613[0m     cell_number [38;5;241m=[39m [38;5;28;43mlist[39;49m[43m([49m[43mip[49m[38;5;241;43m.[39;49m[43mhistory_manager[49m[38;5;241;43m.[39;49m[43mget_tail[49m[43m([49m[38;5;241;43m1[39;49m[43m)[49m[43m)[49m[43m[[49m[38;5;241;43m0[39;49m[43m][49m[[38;5;241m1[39m] [38;5;241m+[39m [38;5;241m1[39m [38;5;28;01mif[39;00m ip [38;5;28;01melse[39;00m [38;5;241m0[39m
[1;32m    614[0m     filename [38;5;241m=[39m [38;5;124m"[39m[38;5;132;01m{dirname}[39;00m[38;5;124m/figure_[39m[38;5;132;01m{cell_number}[39;00m[38;5;124m.html[39m[38;5;124m"[39m[38;5;241m.[39mformat(
[1;32m    615[0m         dirname[38;5;241m=[39m[38;5;28mself[39m[38;5;241m.[39mhtml_directory, cell_number[38;5;241m=[39mcell_number
[1;32m    616[0m     )
[1;32m    617[0m     [38;5;28;01mreturn[39;00m filename

[0;31mIndexError[0m: list index out of range

